<?xml version="1.0" encoding="UTF-8"?>
<testsuite xmlns:xsi="http://www.w3.org/2001/XMLSchema-instance" xsi:noNamespaceSchemaLocation="https://maven.apache.org/surefire/maven-surefire-plugin/xsd/surefire-test-report.xsd" version="3.0.2" name="com.minimarket.MinimarketApplicationTests" time="5.688" tests="1" errors="0" skipped="0" failures="0">
  <properties>
[...]
</properties>
  <testcase name="contextLoads" classname="com.minimarket.MinimarketApplicationTests" time="0.008">
    <system-out><![CDATA[2026-07-12T20:04:41.668Z  INFO 3907 --- [minimarket] [           main] t.c.s.AnnotationConfigContextLoaderUtils : Could not detect default configuration classes for test class [com.minimarket.MinimarketApplicationTests]: MinimarketApplicationTests does not declare any static, non-private, non-final, nested classes annotated with @Configuration.
2026-07-12T20:04:41.671Z  INFO 3907 --- [minimarket] [           main] .b.t.c.SpringBootTestContextBootstrapper : Found @SpringBootConfiguration com.minimarket.MinimarketApplication for test class com.minimarket.MinimarketApplicationTests
2026-07-12T20:04:41.677Z  INFO 3907 --- [minimarket] [           main] o.s.b.d.r.RestartApplicationListener     : Restart disabled due to context in which it is running

  .   ____          _            __ _ _
 /\\ / ___'_ __ _ _(_)_ __  __ _ \ \ \ \
( ( )\___ | '_ | '_| | '_ \/ _` | \ \ \ \
 \\/  ___)| |_)| | | | | || (_| |  ) ) ) )
  '  |____| .__|_| |_|_| |_\__, | / / / /
 =========|_|==============|___/=/_/_/_/

 :: Spring Boot ::                (v3.4.1)

2026-07-12T20:04:41.735Z  INFO 3907 --- [minimarket] [           main] c.minimarket.MinimarketApplicationTests  : Starting MinimarketApplicationTests using Java 17.0.19 with PID 3907 (started by runner in /home/runner/work/Backend-II_Sumativa_S7_Grupo5-/Backend-II_Sumativa_S7_Grupo5-)
2026-07-12T20:04:41.737Z  INFO 3907 --- [minimarket] [           main] c.minimarket.MinimarketApplicationTests  : No active profile set, falling back to 1 default profile: "default"
2026-07-12T20:04:42.506Z  INFO 3907 --- [minimarket] [           main] .s.d.r.c.RepositoryConfigurationDelegate : Bootstrapping Spring Data JPA repositories in DEFAULT mode.
2026-07-12T20:04:42.597Z  INFO 3907 --- [minimarket] [           main] .s.d.r.c.RepositoryConfigurationDelegate : Finished Spring Data repository scanning in 76 ms. Found 8 JPA repository interfaces.
2026-07-12T20:04:43.205Z  INFO 3907 --- [minimarket] [           main] o.hibernate.jpa.internal.util.LogHelper  : HHH000204: Processing PersistenceUnitInfo [name: default]
2026-07-12T20:04:43.315Z  INFO 3907 --- [minimarket] [           main] org.hibernate.Version                    : HHH000412: Hibernate ORM core version 6.6.4.Final
2026-07-12T20:04:43.377Z  INFO 3907 --- [minimarket] [           main] o.h.c.internal.RegionFactoryInitiator    : HHH000026: Second-level cache disabled
2026-07-12T20:04:43.623Z  INFO 3907 --- [minimarket] [           main] o.s.o.j.p.SpringPersistenceUnitInfo      : No LoadTimeWeaver setup: ignoring JPA class transformer
2026-07-12T20:04:43.684Z  INFO 3907 --- [minimarket] [           main] com.zaxxer.hikari.HikariDataSource       : HikariPool-1 - Starting...
2026-07-12T20:04:44.231Z  INFO 3907 --- [minimarket] [           main] com.zaxxer.hikari.pool.HikariPool        : HikariPool-1 - Added connection conn0: url=jdbc:h2:mem:testdb user=SA
2026-07-12T20:04:44.234Z  INFO 3907 --- [minimarket] [           main] com.zaxxer.hikari.HikariDataSource       : HikariPool-1 - Start completed.
2026-07-12T20:04:44.285Z  WARN 3907 --- [minimarket] [           main] org.hibernate.orm.deprecation            : HHH90000025: H2Dialect does not need to be specified explicitly using 'hibernate.dialect' (remove the property setting and it will be selected by default)
2026-07-12T20:04:44.328Z  INFO 3907 --- [minimarket] [           main] org.hibernate.orm.connections.pooling    : HHH10001005: Database info:
	Database JDBC URL [Connecting through datasource 'HikariDataSource (HikariPool-1)']
	Database driver: undefined/unknown
	Database version: 2.3.232
	Autocommit mode: undefined/unknown
	Isolation level: undefined/unknown
	Minimum pool size: undefined/unknown
	Maximum pool size: undefined/unknown
2026-07-12T20:04:45.872Z  INFO 3907 --- [minimarket] [           main] o.h.e.t.j.p.i.JtaPlatformInitiator       : HHH000489: No JTA platform available (set 'hibernate.transaction.jta.platform' to enable JTA platform integration)
Hibernate: create table carrito (id bigint generated by default as identity, cantidad integer not null, producto_id bigint not null, usuario_id bigint not null, primary key (id))
Hibernate: create table categoria (id bigint generated by default as identity, nombre varchar(255) not null, primary key (id))
Hibernate: create table detalle_venta (id bigint generated by default as identity, cantidad integer not null, precio float(53) not null, producto_id bigint not null, venta_id bigint not null, primary key (id))
Hibernate: create table inventario (id bigint generated by default as identity, cantidad integer not null, fecha_movimiento timestamp(6) not null, tipo_movimiento varchar(255) not null, producto_id bigint not null, primary key (id))
Hibernate: create table producto (id bigint generated by default as identity, nombre varchar(255) not null, precio float(53) not null, stock integer not null, categoria_id bigint not null, primary key (id))
Hibernate: create table rol (id bigint generated by default as identity, nombre varchar(255) not null, primary key (id))
Hibernate: create table usuario (id bigint generated by default as identity, apellido varchar(255) not null, direccion varchar(255) not null, email varchar(255) not null, nombre varchar(255) not null, password varchar(255) not null, username varchar(255) not null, primary key (id))
Hibernate: create table usuario_roles (usuario_id bigint not null, rol_id bigint not null, primary key (usuario_id, rol_id))
Hibernate: create table venta (id bigint generated by default as identity, fecha timestamp(6) not null, total float(53) not null, usuario_id bigint not null, primary key (id))
Hibernate: alter table if exists categoria drop constraint if exists UK35t4wyxqrevf09uwx9e9p6o75
Hibernate: alter table if exists categoria add constraint UK35t4wyxqrevf09uwx9e9p6o75 unique (nombre)
Hibernate: alter table if exists rol drop constraint if exists UK43kr6s7bts1wqfv43f7jd87kp
Hibernate: alter table if exists rol add constraint UK43kr6s7bts1wqfv43f7jd87kp unique (nombre)
Hibernate: alter table if exists usuario drop constraint if exists UK5171l57faosmj8myawaucatdw
Hibernate: alter table if exists usuario add constraint UK5171l57faosmj8myawaucatdw unique (email)
Hibernate: alter table if exists usuario drop constraint if exists UK863n1y3x0jalatoir4325ehal
Hibernate: alter table if exists usuario add constraint UK863n1y3x0jalatoir4325ehal unique (username)
Hibernate: alter table if exists carrito add constraint FKg0fspf9ac00r9i2m9wgmy4914 foreign key (producto_id) references producto
Hibernate: alter table if exists carrito add constraint FK8ymop2vbmxmjq6ehl5vj3hpqm foreign key (usuario_id) references usuario
Hibernate: alter table if exists detalle_venta add constraint FKmi06vmeg5th7wdow1mxcqg78e foreign key (producto_id) references producto
Hibernate: alter table if exists detalle_venta add constraint FKhj0bf0515yg7equ11ab4xgq3f foreign key (venta_id) references venta
Hibernate: alter table if exists inventario add constraint FK2jpmjsxwl42blfea24vda6fs6 foreign key (producto_id) references producto
Hibernate: alter table if exists producto add constraint FKodqr7965ok9rwquj1utiamt0m foreign key (categoria_id) references categoria
Hibernate: alter table if exists usuario_roles add constraint FK5t0qwiwrk6j50h2v5lneckajq foreign key (rol_id) references rol
Hibernate: alter table if exists usuario_roles add constraint FKqblnumndby0ftm4c7sg6uso6p foreign key (usuario_id) references usuario
Hibernate: alter table if exists venta add constraint FKb28d98ltkhb0f8g3qypy8q2tl foreign key (usuario_id) references usuario
2026-07-12T20:04:46.031Z  INFO 3907 --- [minimarket] [           main] j.LocalContainerEntityManagerFactoryBean : Initialized JPA EntityManagerFactory for persistence unit 'default'
2026-07-12T20:04:46.466Z  INFO 3907 --- [minimarket] [           main] r$InitializeUserDetailsManagerConfigurer : Global AuthenticationManager configured with UserDetailsService bean with name customUserDetailsService
2026-07-12T20:04:46.751Z  WARN 3907 --- [minimarket] [           main] JpaBaseConfiguration$JpaWebConfiguration : spring.jpa.open-in-view is enabled by default. Therefore, database queries may be performed during view rendering. Explicitly configure spring.jpa.open-in-view to disable this warning
2026-07-12T20:04:47.230Z  INFO 3907 --- [minimarket] [           main] o.s.b.a.h2.H2ConsoleAutoConfiguration    : H2 console available at '/h2-console'. Database available at 'jdbc:h2:mem:testdb'
2026-07-12T20:04:47.342Z  INFO 3907 --- [minimarket] [           main] c.minimarket.MinimarketApplicationTests  : Started MinimarketApplicationTests in 5.665 seconds (process running for 13.506)
]]></system-out>
  </testcase>
</testsuite>